Línea 91: la clase Proyecto1.axLabelPlusPP del control axLabelPlus1 no era una clase de control cargada.
Línea 97: el nombre de la propiedad _ExtentX de axLabelPlus1 no es válido.
Línea 98: el nombre de la propiedad _ExtentY de axLabelPlus1 no es válido.
Línea 99: el nombre de la propiedad Caption1 de axLabelPlus1 no es válido.
Línea 100: el nombre de la propiedad Caption2 de axLabelPlus1 no es válido.
Línea 109: el nombre de la propiedad Caption1Font de axLabelPlus1 no es válido.
Línea 118: el nombre de la propiedad Caption2Font de axLabelPlus1 no es válido.
Línea 119: el nombre de la propiedad ChangeOnMouseOver de axLabelPlus1 no es válido.
Línea 120: el nombre de la propiedad GradientColorP1 de axLabelPlus1 no es válido.
Línea 121: el nombre de la propiedad GradientColorP1Opacity de axLabelPlus1 no es válido.
Línea 122: el nombre de la propiedad GradientColorP2 de axLabelPlus1 no es válido.
Línea 123: el nombre de la propiedad GradientColorP2Opacity de axLabelPlus1 no es válido.
Línea 124: el nombre de la propiedad ShadowColorOpacity de axLabelPlus1 no es válido.
Línea 125: el nombre de la propiedad CallOutAlign de axLabelPlus1 no es válido.
Línea 126: el nombre de la propiedad CallOutWidth de axLabelPlus1 no es válido.
Línea 127: el nombre de la propiedad CallOutLen de axLabelPlus1 no es válido.
Línea 137: el nombre de la propiedad IconFont de axLabelPlus1 no es válido.
Línea 138: el nombre de la propiedad GlowTick de axLabelPlus1 no es válido.
Línea 139: el nombre de la propiedad GlowColor de axLabelPlus1 no es válido.
Línea 140: el nombre de la propiedad PictureArr de axLabelPlus1 no es válido.
